# JRE version: OpenJDK Runtime Environment (17.0.1+12) (build 17.0.1+12-39)
# Java VM: OpenJDK 64-Bit Server VM (17.0.1+12-39, mixed mode, sharing, tiered, compressed oops, compressed class ptrs, g1 gc, linux-amd64)
Heap:
 garbage-first heap   total 75776K, used 48124K [0x000000009ec00000, 0x0000000100000000)
  region size 1024K, 28 young (28672K), 3 survivors (3072K)
 Metaspace       used 23823K, committed 24064K, reserved 1073152K
  class space    used 2587K, committed 2688K, reserved 1048576K
GC Heap History (20 events):
Event: 0.583 GC heap before
{Heap before GC invocations=0 (full 0):
 garbage-first heap   total 102400K, used 24544K [0x000000009ec00000, 0x0000000100000000)
  region size 1024K, 23 young (23552K), 0 survivors (0K)
 Metaspace       used 5006K, committed 5184K, reserved 1056768K
  class space    used 594K, committed 704K, reserved 1048576K
}
Event: 0.596 GC heap after
{Heap after GC invocations=1 (full 0):
 garbage-first heap   total 102400K, used 3936K [0x000000009ec00000, 0x0000000100000000)
  region size 1024K, 3 young (3072K), 3 survivors (3072K)
 Metaspace       used 5006K, committed 5184K, reserved 1056768K
  class space    used 594K, committed 704K, reserved 1048576K
}
Event: 1.887 GC heap before
{Heap before GC invocations=1 (full 0):
 garbage-first heap   total 102400K, used 43872K [0x000000009ec00000, 0x0000000100000000)
  region size 1024K, 42 young (43008K), 3 survivors (3072K)
 Metaspace       used 13973K, committed 14208K, reserved 1064960K
  class space    used 1661K, committed 1792K, reserved 1048576K
}
Event: 1.923 GC heap after
{Heap after GC invocations=2 (full 0):
 garbage-first heap   total 102400K, used 7683K [0x000000009ec00000, 0x0000000100000000)
  region size 1024K, 6 young (6144K), 6 survivors (6144K)
 Metaspace       used 13973K, committed 14208K, reserved 1064960K
  class space    used 1661K, committed 1792K, reserved 1048576K
}
Event: 19.459 GC heap before
{Heap before GC invocations=2 (full 0):
 garbage-first heap   total 102400K, used 59907K [0x000000009ec00000, 0x0000000100000000)
  region size 1024K, 58 young (59392K), 6 survivors (6144K)
 Metaspace       used 21117K, committed 21312K, reserved 1073152K
  class space    used 2421K, committed 2496K, reserved 1048576K
}
Event: 19.561 GC heap after
{Heap after GC invocations=3 (full 0):
 garbage-first heap   total 102400K, used 13556K [0x000000009ec00000, 0x0000000100000000)
  region size 1024K, 8 young (8192K), 8 survivors (8192K)
 Metaspace       used 21117K, committed 21312K, reserved 1073152K
  class space    used 2421K, committed 2496K, reserved 1048576K
}
Event: 35.726 GC heap before
{Heap before GC invocations=3 (full 0):
 garbage-first heap   total 102400K, used 64756K [0x000000009ec00000, 0x0000000100000000)
  region size 1024K, 58 young (59392K), 8 survivors (8192K)
 Metaspace       used 21369K, committed 21504K, reserved 1073152K
  class space    used 2424K, committed 2496K, reserved 1048576K
}
Event: 35.759 GC heap after
{Heap after GC invocations=4 (full 0):
 garbage-first heap   total 102400K, used 21705K [0x000000009ec00000, 0x0000000100000000)
  region size 1024K, 8 young (8192K), 8 survivors (8192K)
 Metaspace       used 21369K, committed 21504K, reserved 1073152K
  class space    used 2424K, committed 2496K, reserved 1048576K
}
Event: 36.739 GC heap before
{Heap before GC invocations=4 (full 0):
 garbage-first heap   total 102400K, used 23753K [0x000000009ec00000, 0x0000000100000000)
  region size 1024K, 11 young (11264K), 8 survivors (8192K)
 Metaspace       used 21394K, committed 21504K, reserved 1073152K
  class space    used 2424K, committed 2496K, reserved 1048576K
}
Event: 36.799 GC heap after
{Heap after GC invocations=5 (full 0):
 garbage-first heap   total 102400K, used 19936K [0x000000009ec00000, 0x0000000100000000)
  region size 1024K, 1 young (1024K), 1 survivors (1024K)
 Metaspace       used 21394K, committed 21504K, reserved 1073152K
  class space    used 2424K, committed 2496K, reserved 1048576K
}
Event: 55.604 GC heap before
{Heap before GC invocations=6 (full 0):
 garbage-first heap   total 75776K, used 63968K [0x000000009ec00000, 0x0000000100000000)
  region size 1024K, 44 young (45056K), 1 survivors (1024K)
 Metaspace       used 21951K, committed 22144K, reserved 1073152K
  class space    used 2459K, committed 2560K, reserved 1048576K
}
Event: 55.615 GC heap after
{Heap after GC invocations=7 (full 0):
 garbage-first heap   total 75776K, used 21595K [0x000000009ec00000, 0x0000000100000000)
  region size 1024K, 3 young (3072K), 3 survivors (3072K)
 Metaspace       used 21951K, committed 22144K, reserved 1073152K
  class space    used 2459K, committed 2560K, reserved 1048576K
}
Event: 63.868 GC heap before
{Heap before GC invocations=7 (full 0):
 garbage-first heap   total 75776K, used 55387K [0x000000009ec00000, 0x0000000100000000)
  region size 1024K, 36 young (36864K), 3 survivors (3072K)
 Metaspace       used 22319K, committed 22464K, reserved 1073152K
  class space    used 2471K, committed 2560K, reserved 1048576K
}
Event: 63.875 GC heap after
{Heap after GC invocations=8 (full 0):
 garbage-first heap   total 75776K, used 21984K [0x000000009ec00000, 0x0000000100000000)
  region size 1024K, 3 young (3072K), 3 survivors (3072K)
 Metaspace       used 22319K, committed 22464K, reserved 1073152K
  class space    used 2471K, committed 2560K, reserved 1048576K
}
Event: 69.498 GC heap before
{Heap before GC invocations=8 (full 0):
 garbage-first heap   total 75776K, used 56800K [0x000000009ec00000, 0x0000000100000000)
  region size 1024K, 37 young (37888K), 3 survivors (3072K)
 Metaspace       used 22344K, committed 22528K, reserved 1073152K
  class space    used 2471K, committed 2560K, reserved 1048576K
}
Event: 69.537 GC heap after
{Heap after GC invocations=9 (full 0):
 garbage-first heap   total 75776K, used 22188K [0x000000009ec00000, 0x0000000100000000)
  region size 1024K, 1 young (1024K), 1 survivors (1024K)
 Metaspace       used 22344K, committed 22528K, reserved 1073152K
  class space    used 2471K, committed 2560K, reserved 1048576K
}
Event: 81.545 GC heap before
{Heap before GC invocations=9 (full 0):
 garbage-first heap   total 75776K, used 58028K [0x000000009ec00000, 0x0000000100000000)
  region size 1024K, 36 young (36864K), 1 survivors (1024K)
 Metaspace       used 22516K, committed 22720K, reserved 1073152K
  class space    used 2474K, committed 2560K, reserved 1048576K
}
Event: 81.548 GC heap after
{Heap after GC invocations=10 (full 0):
 garbage-first heap   total 75776K, used 22313K [0x000000009ec00000, 0x0000000100000000)
  region size 1024K, 2 young (2048K), 2 survivors (2048K)
 Metaspace       used 22516K, committed 22720K, reserved 1073152K
  class space    used 2474K, committed 2560K, reserved 1048576K
}
Event: 95.865 GC heap before
{Heap before GC invocations=10 (full 0):
 garbage-first heap   total 75776K, used 58153K [0x000000009ec00000, 0x0000000100000000)
  region size 1024K, 37 young (37888K), 2 survivors (2048K)
 Metaspace       used 23209K, committed 23360K, reserved 1073152K
  class space    used 2537K, committed 2624K, reserved 1048576K
}
Event: 95.870 GC heap after
{Heap after GC invocations=11 (full 0):
 garbage-first heap   total 75776K, used 23314K [0x000000009ec00000, 0x0000000100000000)
  region size 1024K, 3 young (3072K), 3 survivors (3072K)
 Metaspace       used 23209K, committed 23360K, reserved 1073152K
  class space    used 2537K, committed 2624K, reserved 1048576K
}

